# JRE version: Java(TM) SE Runtime Environment (8.0_112-b15) (build 1.8.0_112-b15)
# Java VM: Java HotSpot(TM) 64-Bit Server VM (25.112-b15 mixed mode windows-amd64 compressed oops)
Heap:
 PSYoungGen      total 49664K, used 47851K [0x00000007bc400000, 0x00000007c0000000, 0x00000007c0000000)
  eden space 45056K, 95% used [0x00000007bc400000,0x00000007bee3af20,0x00000007bf000000)
  from space 4608K, 100% used [0x00000007bfb80000,0x00000007c0000000,0x00000007c0000000)
  to   space 8192K, 0% used [0x00000007bf000000,0x00000007bf000000,0x00000007bf800000)
 ParOldGen       total 233984K, used 88276K [0x0000000700000000, 0x000000070e480000, 0x00000007bc400000)
  object space 233984K, 37% used [0x0000000700000000,0x00000007056352a0,0x000000070e480000)
 Metaspace       used 76665K, capacity 77507K, committed 78336K, reserved 1116160K
  class space    used 10516K, capacity 10677K, committed 10752K, reserved 1048576K
GC Heap History (10 events):
Event: 2844.532 GC heap before
{Heap before GC invocations=257 (full 14):
 PSYoungGen      total 56320K, used 53351K [0x00000007bc400000, 0x00000007c0000000, 0x00000007c0000000)
  eden space 51200K, 100% used [0x00000007bc400000,0x00000007bf600000,0x00000007bf600000)
  from space 5120K, 42% used [0x00000007bfb00000,0x00000007bfd19e30,0x00000007c0000000)
  to   space 5120K, 0% used [0x00000007bf600000,0x00000007bf600000,0x00000007bfb00000)
 ParOldGen       total 233984K, used 84306K [0x0000000700000000, 0x000000070e480000, 0x00000007bc400000)
  object space 233984K, 36% used [0x0000000700000000,0x0000000705254b00,0x000000070e480000)
 Metaspace       used 75918K, capacity 76693K, committed 77440K, reserved 1116160K
  class space    used 10355K, capacity 10512K, committed 10624K, reserved 1048576K
Event: 2844.536 GC heap after
Heap after GC invocations=257 (full 14):
 PSYoungGen      total 56320K, used 2311K [0x00000007bc400000, 0x00000007c0000000, 0x00000007c0000000)
  eden space 51200K, 0% used [0x00000007bc400000,0x00000007bc400000,0x00000007bf600000)
  from space 5120K, 45% used [0x00000007bf600000,0x00000007bf841e30,0x00000007bfb00000)
  to   space 4608K, 0% used [0x00000007bfb80000,0x00000007bfb80000,0x00000007c0000000)
 ParOldGen       total 233984K, used 84306K [0x0000000700000000, 0x000000070e480000, 0x00000007bc400000)
  object space 233984K, 36% used [0x0000000700000000,0x0000000705254b00,0x000000070e480000)
 Metaspace       used 75918K, capacity 76693K, committed 77440K, reserved 1116160K
  class space    used 10355K, capacity 10512K, committed 10624K, reserved 1048576K
}
Event: 2846.591 GC heap before
{Heap before GC invocations=258 (full 14):
 PSYoungGen      total 56320K, used 12345K [0x00000007bc400000, 0x00000007c0000000, 0x00000007c0000000)
  eden space 51200K, 19% used [0x00000007bc400000,0x00000007bcdcc9a8,0x00000007bf600000)
  from space 5120K, 45% used [0x00000007bf600000,0x00000007bf841e30,0x00000007bfb00000)
  to   space 4608K, 0% used [0x00000007bfb80000,0x00000007bfb80000,0x00000007c0000000)
 ParOldGen       total 233984K, used 84306K [0x0000000700000000, 0x000000070e480000, 0x00000007bc400000)
  object space 233984K, 36% used [0x0000000700000000,0x0000000705254b00,0x000000070e480000)
 Metaspace       used 75918K, capacity 76693K, committed 77440K, reserved 1116160K
  class space    used 10355K, capacity 10512K, committed 10624K, reserved 1048576K
Event: 2846.595 GC heap after
Heap after GC invocations=258 (full 14):
 PSYoungGen      total 56832K, used 1895K [0x00000007bc400000, 0x00000007c0000000, 0x00000007c0000000)
  eden space 52224K, 0% used [0x00000007bc400000,0x00000007bc400000,0x00000007bf700000)
  from space 4608K, 41% used [0x00000007bfb80000,0x00000007bfd59e30,0x00000007c0000000)
  to   space 4608K, 0% used [0x00000007bf700000,0x00000007bf700000,0x00000007bfb80000)
 ParOldGen       total 233984K, used 84306K [0x0000000700000000, 0x000000070e480000, 0x00000007bc400000)
  object space 233984K, 36% used [0x0000000700000000,0x0000000705254b00,0x000000070e480000)
 Metaspace       used 75918K, capacity 76693K, committed 77440K, reserved 1116160K
  class space    used 10355K, capacity 10512K, committed 10624K, reserved 1048576K
}
Event: 2846.595 GC heap before
{Heap before GC invocations=259 (full 15):
 PSYoungGen      total 56832K, used 1895K [0x00000007bc400000, 0x00000007c0000000, 0x00000007c0000000)
  eden space 52224K, 0% used [0x00000007bc400000,0x00000007bc400000,0x00000007bf700000)
  from space 4608K, 41% used [0x00000007bfb80000,0x00000007bfd59e30,0x00000007c0000000)
  to   space 4608K, 0% used [0x00000007bf700000,0x00000007bf700000,0x00000007bfb80000)
 ParOldGen       total 233984K, used 84306K [0x0000000700000000, 0x000000070e480000, 0x00000007bc400000)
  object space 233984K, 36% used [0x0000000700000000,0x0000000705254b00,0x000000070e480000)
 Metaspace       used 75918K, capacity 76693K, committed 77440K, reserved 1116160K
  class space    used 10355K, capacity 10512K, committed 10624K, reserved 1048576K
Event: 2846.857 GC heap after
Heap after GC invocations=259 (full 15):
 PSYoungGen      total 56832K, used 0K [0x00000007bc400000, 0x00000007c0000000, 0x00000007c0000000)
  eden space 52224K, 0% used [0x00000007bc400000,0x00000007bc400000,0x00000007bf700000)
  from space 4608K, 0% used [0x00000007bfb80000,0x00000007bfb80000,0x00000007c0000000)
  to   space 4608K, 0% used [0x00000007bf700000,0x00000007bf700000,0x00000007bfb80000)
 ParOldGen       total 233984K, used 81621K [0x0000000700000000, 0x000000070e480000, 0x00000007bc400000)
  object space 233984K, 34% used [0x0000000700000000,0x0000000704fb5720,0x000000070e480000)
 Metaspace       used 75918K, capacity 76693K, committed 77440K, reserved 1116160K
  class space    used 10355K, capacity 10512K, committed 10624K, reserved 1048576K
}
Event: 2847.198 GC heap before
{Heap before GC invocations=260 (full 15):
 PSYoungGen      total 56832K, used 52224K [0x00000007bc400000, 0x00000007c0000000, 0x00000007c0000000)
  eden space 52224K, 100% used [0x00000007bc400000,0x00000007bf700000,0x00000007bf700000)
  from space 4608K, 0% used [0x00000007bfb80000,0x00000007bfb80000,0x00000007c0000000)
  to   space 4608K, 0% used [0x00000007bf700000,0x00000007bf700000,0x00000007bfb80000)
 ParOldGen       total 233984K, used 81621K [0x0000000700000000, 0x000000070e480000, 0x00000007bc400000)
  object space 233984K, 34% used [0x0000000700000000,0x0000000704fb5720,0x000000070e480000)
 Metaspace       used 76524K, capacity 77269K, committed 78080K, reserved 1116160K
  class space    used 10493K, capacity 10640K, committed 10752K, reserved 1048576K
Event: 2847.203 GC heap after
Heap after GC invocations=260 (full 15):
 PSYoungGen      total 56832K, used 4608K [0x00000007bc400000, 0x00000007c0000000, 0x00000007c0000000)
  eden space 52224K, 0% used [0x00000007bc400000,0x00000007bc400000,0x00000007bf700000)
  from space 4608K, 100% used [0x00000007bf700000,0x00000007bfb80000,0x00000007bfb80000)
  to   space 4608K, 0% used [0x00000007bfb80000,0x00000007bfb80000,0x00000007c0000000)
 ParOldGen       total 233984K, used 83802K [0x0000000700000000, 0x000000070e480000, 0x00000007bc400000)
  object space 233984K, 35% used [0x0000000700000000,0x00000007051d6ba0,0x000000070e480000)
 Metaspace       used 76524K, capacity 77269K, committed 78080K, reserved 1116160K
  class space    used 10493K, capacity 10640K, committed 10752K, reserved 1048576K
}
Event: 2847.467 GC heap before
{Heap before GC invocations=261 (full 15):
 PSYoungGen      total 56832K, used 56832K [0x00000007bc400000, 0x00000007c0000000, 0x00000007c0000000)
  eden space 52224K, 100% used [0x00000007bc400000,0x00000007bf700000,0x00000007bf700000)
  from space 4608K, 100% used [0x00000007bf700000,0x00000007bfb80000,0x00000007bfb80000)
  to   space 4608K, 0% used [0x00000007bfb80000,0x00000007bfb80000,0x00000007c0000000)
 ParOldGen       total 233984K, used 83802K [0x0000000700000000, 0x000000070e480000, 0x00000007bc400000)
  object space 233984K, 35% used [0x0000000700000000,0x00000007051d6ba0,0x000000070e480000)
 Metaspace       used 76586K, capacity 77315K, committed 78080K, reserved 1116160K
  class space    used 10511K, capacity 10677K, committed 10752K, reserved 1048576K
Event: 2847.472 GC heap after
Heap after GC invocations=261 (full 15):
 PSYoungGen      total 49664K, used 4608K [0x00000007bc400000, 0x00000007c0000000, 0x00000007c0000000)
  eden space 45056K, 0% used [0x00000007bc400000,0x00000007bc400000,0x00000007bf000000)
  from space 4608K, 100% used [0x00000007bfb80000,0x00000007c0000000,0x00000007c0000000)
  to   space 8192K, 0% used [0x00000007bf000000,0x00000007bf000000,0x00000007bf800000)
 ParOldGen       total 233984K, used 88276K [0x0000000700000000, 0x000000070e480000, 0x00000007bc400000)
  object space 233984K, 37% used [0x0000000700000000,0x00000007056352a0,0x000000070e480000)
 Metaspace       used 76586K, capacity 77315K, committed 78080K, reserved 1116160K
  class space    used 10511K, capacity 10677K, committed 10752K, reserved 1048576K
}

